This file contains any messages produced by compilers while
running configure, to aid debugging if configure makes a mistake.

It was created by wserver configure 0.1, which was
generated by GNU Autoconf 2.72.  Invocation command line was

  $ ./configure

## --------- ##
## Platform. ##
## --------- ##

hostname = E495
uname -m = x86_64
uname -r = 6.10.9-arch1-2
uname -s = Linux
uname -v = #1 SMP PREEMPT_DYNAMIC Tue, 10 Sep 2024 14:37:32 +0000

/usr/bin/uname -p = unknown
/bin/uname -X     = unknown

/bin/arch              = unknown
/usr/bin/arch -k       = unknown
/usr/convex/getsysinfo = unknown
/usr/bin/hostinfo      = unknown
/bin/machine           = unknown
/usr/bin/oslevel       = unknown
/bin/universe          = unknown

PATH: /usr/local/bin/
PATH: /usr/bin/
PATH: /bin/
PATH: /usr/local/sbin/
PATH: /usr/lib/jvm/default/bin/
PATH: /usr/bin/site_perl/
PATH: /usr/bin/vendor_perl/
PATH: /usr/bin/core_perl/


## ----------- ##
## Core tests. ##
## ----------- ##

configure:2235: looking for aux files: compile missing install-sh
configure:2248:  trying ./build/
configure:2277:   ./build/compile found
configure:2277:   ./build/missing found
configure:2259:   ./build/install-sh found
configure:2409: checking for a BSD-compatible install
configure:2483: result: /usr/bin/install -c
configure:2494: checking whether sleep supports fractional seconds
configure:2510: result: yes
configure:2513: checking filesystem timestamp resolution
configure:2648: result: 0.01
configure:2653: checking whether build environment is sane
configure:2694: result: yes
configure:2865: checking for a race-free mkdir -p
configure:2908: result: /usr/bin/mkdir -p
configure:2915: checking for gawk
configure:2936: found /usr/bin/gawk
configure:2948: result: gawk
configure:2959: checking whether make sets $(MAKE)
configure:2983: result: yes
configure:3009: checking whether make supports nested variables
configure:3028: result: yes
configure:3042: checking xargs -n works
configure:3058: result: yes
configure:3219: checking for gcc
configure:3240: found /usr/bin/gcc
configure:3252: result: gcc
configure:3611: checking for C compiler version
configure:3620: gcc --version >&5
gcc (GCC) 14.2.1 20240910
Copyright (C) 2024 Free Software Foundation, Inc.
This is free software; see the source for copying conditions.  There is NO
warranty; not even for MERCHANTABILITY or FITNESS FOR A PARTICULAR PURPOSE.

configure:3631: $? = 0
configure:3620: gcc -v >&5
Using built-in specs.
COLLECT_GCC=gcc
COLLECT_LTO_WRAPPER=/usr/lib/gcc/x86_64-pc-linux-gnu/14.2.1/lto-wrapper
Target: x86_64-pc-linux-gnu
Configured with: /build/gcc/src/gcc/configure --enable-languages=ada,c,c++,d,fortran,go,lto,m2,objc,obj-c++,rust --enable-bootstrap --prefix=/usr --libdir=/usr/lib --libexecdir=/usr/lib --mandir=/usr/share/man --infodir=/usr/share/info --with-bugurl=https://gitlab.archlinux.org/archlinux/packaging/packages/gcc/-/issues --with-build-config=bootstrap-lto --with-linker-hash-style=gnu --with-system-zlib --enable-__cxa_atexit --enable-cet=auto --enable-checking=release --enable-clocale=gnu --enable-default-pie --enable-default-ssp --enable-gnu-indirect-function --enable-gnu-unique-object --enable-libstdcxx-backtrace --enable-link-serialization=1 --enable-linker-build-id --enable-lto --enable-multilib --enable-plugin --enable-shared --enable-threads=posix --disable-libssp --disable-libstdcxx-pch --disable-werror
Thread model: posix
Supported LTO compression algorithms: zlib zstd
gcc version 14.2.1 20240910 (GCC) 
configure:3631: $? = 0
configure:3620: gcc -V >&5
gcc: error: unrecognized command-line option '-V'
gcc: fatal error: no input files
compilation terminated.
configure:3631: $? = 1
configure:3620: gcc -qversion >&5
gcc: error: unrecognized command-line option '-qversion'; did you mean '--version'?
gcc: fatal error: no input files
compilation terminated.
configure:3631: $? = 1
configure:3620: gcc -version >&5
gcc: error: unrecognized command-line option '-version'
gcc: fatal error: no input files
compilation terminated.
configure:3631: $? = 1
configure:3651: checking whether the C compiler works
configure:3673: gcc    conftest.c  >&5
configure:3677: $? = 0
configure:3728: result: yes
configure:3732: checking for C compiler default output file name
configure:3734: result: a.out
configure:3740: checking for suffix of executables
configure:3747: gcc -o conftest    conftest.c  >&5
configure:3751: $? = 0
configure:3775: result: 
configure:3799: checking whether we are cross compiling
configure:3807: gcc -o conftest    conftest.c  >&5
configure:3811: $? = 0
configure:3818: ./conftest
configure:3822: $? = 0
configure:3837: result: no
configure:3843: checking for suffix of object files
configure:3866: gcc -c   conftest.c >&5
configure:3870: $? = 0
configure:3894: result: o
configure:3898: checking whether the compiler supports GNU C
configure:3918: gcc -c   conftest.c >&5
configure:3918: $? = 0
configure:3930: result: yes
configure:3941: checking whether gcc accepts -g
configure:3962: gcc -c -g  conftest.c >&5
configure:3962: $? = 0
configure:4009: result: yes
configure:4029: checking for gcc option to enable C11 features
configure:4044: gcc  -c -g -O2  conftest.c >&5
configure:4044: $? = 0
configure:4063: result: none needed
configure:4187: checking whether gcc understands -c and -o together
configure:4210: gcc -c conftest.c -o conftest2.o
configure:4213: $? = 0
configure:4210: gcc -c conftest.c -o conftest2.o
configure:4213: $? = 0
configure:4226: result: yes
configure:4246: checking whether make supports the include directive
configure:4261: make -f confmf.GNU && cat confinc.out
this is the am__doit target
configure:4264: $? = 0
configure:4283: result: yes (GNU style)
configure:4309: checking dependency style of gcc
configure:4422: result: gcc3
configure:4445: checking for stdio.h
configure:4445: gcc -c -g -O2  conftest.c >&5
configure:4445: $? = 0
configure:4445: result: yes
configure:4445: checking for stdlib.h
configure:4445: gcc -c -g -O2  conftest.c >&5
configure:4445: $? = 0
configure:4445: result: yes
configure:4445: checking for string.h
configure:4445: gcc -c -g -O2  conftest.c >&5
configure:4445: $? = 0
configure:4445: result: yes
configure:4445: checking for inttypes.h
configure:4445: gcc -c -g -O2  conftest.c >&5
configure:4445: $? = 0
configure:4445: result: yes
configure:4445: checking for stdint.h
configure:4445: gcc -c -g -O2  conftest.c >&5
configure:4445: $? = 0
configure:4445: result: yes
configure:4445: checking for strings.h
configure:4445: gcc -c -g -O2  conftest.c >&5
configure:4445: $? = 0
configure:4445: result: yes
configure:4445: checking for sys/stat.h
configure:4445: gcc -c -g -O2  conftest.c >&5
configure:4445: $? = 0
configure:4445: result: yes
configure:4445: checking for sys/types.h
configure:4445: gcc -c -g -O2  conftest.c >&5
configure:4445: $? = 0
configure:4445: result: yes
configure:4445: checking for unistd.h
configure:4445: gcc -c -g -O2  conftest.c >&5
configure:4445: $? = 0
configure:4445: result: yes
configure:4470: checking for sys/wait.h
configure:4470: gcc -c -g -O2  conftest.c >&5
configure:4470: $? = 0
configure:4470: result: yes
configure:4476: checking for unistd.h
configure:4476: result: yes
configure:4482: checking for sys/socket.h
configure:4482: gcc -c -g -O2  conftest.c >&5
configure:4482: $? = 0
configure:4482: result: yes
configure:4488: checking for sys/types.h
configure:4488: result: yes
configure:4494: checking for arpa/inet.h
configure:4494: gcc -c -g -O2  conftest.c >&5
configure:4494: $? = 0
configure:4494: result: yes
configure:4500: checking for sys/un.h
configure:4500: gcc -c -g -O2  conftest.c >&5
configure:4500: $? = 0
configure:4500: result: yes
configure:4507: checking for dlfcn.h
configure:4507: gcc -c -g -O2  conftest.c >&5
configure:4507: $? = 0
configure:4507: result: yes
configure:4513: checking for db.h
configure:4513: gcc -c -g -O2  conftest.c >&5
configure:4513: $? = 0
configure:4513: result: yes
configure:4522: checking for library containing dlopen
configure:4558: gcc -o conftest -g -O2   conftest.c  >&5
configure:4558: $? = 0
configure:4580: result: none required
configure:4592: checking for library containing pthread_create
configure:4628: gcc -o conftest -g -O2   conftest.c  >&5
configure:4628: $? = 0
configure:4650: result: none required
configure:4662: checking for library containing db_create
configure:4698: gcc -o conftest -g -O2   conftest.c  >&5
/usr/bin/ld: /tmp/ccBntfJB.o: in function `main':
/home/ags/repos/webServer/conftest.c:43:(.text.startup+0x5): undefined reference to `db_create'
collect2: error: ld returned 1 exit status
configure:4698: $? = 1
configure: failed program was:
| /* confdefs.h */
| #define PACKAGE_NAME "wserver"
| #define PACKAGE_TARNAME "wserver"
| #define PACKAGE_VERSION "0.1"
| #define PACKAGE_STRING "wserver 0.1"
| #define PACKAGE_BUGREPORT "grchere@yahoo.com"
| #define PACKAGE_URL ""
| #define PACKAGE "wserver"
| #define VERSION "0.1"
| #define HAVE_STDIO_H 1
| #define HAVE_STDLIB_H 1
| #define HAVE_STRING_H 1
| #define HAVE_INTTYPES_H 1
| #define HAVE_STDINT_H 1
| #define HAVE_STRINGS_H 1
| #define HAVE_SYS_STAT_H 1
| #define HAVE_SYS_TYPES_H 1
| #define HAVE_UNISTD_H 1
| #define STDC_HEADERS 1
| #define HAVE_SYS_WAIT_H 1
| #define HAVE_UNISTD_H 1
| #define HAVE_SYS_SOCKET_H 1
| #define HAVE_SYS_TYPES_H 1
| #define HAVE_ARPA_INET_H 1
| #define HAVE_SYS_UN_H 1
| #define HAVE_DLFCN_H 1
| #define HAVE_DB_H 1
| /* end confdefs.h.  */
| 
| /* Override any GCC internal prototype to avoid an error.
|    Use char because int might match the return type of a GCC
|    builtin and then its argument prototype would still apply.
|    The 'extern "C"' is for builds by C++ compilers;
|    although this is not generally supported in C code supporting it here
|    has little cost and some practical benefit (sr 110532).  */
| #ifdef __cplusplus
| extern "C"
| #endif
| char db_create (void);
| int
| main (void)
| {
| return db_create ();
|   ;
|   return 0;
| }
configure:4698: gcc -o conftest -g -O2   conftest.c -ldb   >&5
configure:4698: $? = 0
configure:4720: result: -ldb
configure:4833: checking that generated files are newer than configure
configure:4839: result: done
configure:4874: creating ./config.status

## ---------------------- ##
## Running config.status. ##
## ---------------------- ##

This file was extended by wserver config.status 0.1, which was
generated by GNU Autoconf 2.72.  Invocation command line was

  CONFIG_FILES    = 
  CONFIG_HEADERS  = 
  CONFIG_LINKS    = 
  CONFIG_COMMANDS = 
  $ ./config.status 

on E495

config.status:860: creating Makefile
config.status:860: creating src/Makefile
config.status:860: creating config.h
config.status:1089: executing depfiles commands
config.status:1166: cd src       && sed -e '/# am--include-marker/d' Makefile         | make -f - am--depfiles
config.status:1171: $? = 0

## ---------------- ##
## Cache variables. ##
## ---------------- ##

ac_cv_c_compiler_gnu=yes
ac_cv_env_CC_set=
ac_cv_env_CC_value=
ac_cv_env_CFLAGS_set=
ac_cv_env_CFLAGS_value=
ac_cv_env_CPPFLAGS_set=
ac_cv_env_CPPFLAGS_value=
ac_cv_env_LDFLAGS_set=
ac_cv_env_LDFLAGS_value=
ac_cv_env_LIBS_set=
ac_cv_env_LIBS_value=
ac_cv_env_build_alias_set=
ac_cv_env_build_alias_value=
ac_cv_env_host_alias_set=
ac_cv_env_host_alias_value=
ac_cv_env_target_alias_set=
ac_cv_env_target_alias_value=
ac_cv_header_arpa_inet_h=yes
ac_cv_header_db_h=yes
ac_cv_header_dlfcn_h=yes
ac_cv_header_inttypes_h=yes
ac_cv_header_stdint_h=yes
ac_cv_header_stdio_h=yes
ac_cv_header_stdlib_h=yes
ac_cv_header_string_h=yes
ac_cv_header_strings_h=yes
ac_cv_header_sys_socket_h=yes
ac_cv_header_sys_stat_h=yes
ac_cv_header_sys_types_h=yes
ac_cv_header_sys_un_h=yes
ac_cv_header_sys_wait_h=yes
ac_cv_header_unistd_h=yes
ac_cv_objext=o
ac_cv_path_install='/usr/bin/install -c'
ac_cv_path_mkdir=/usr/bin/mkdir
ac_cv_prog_AWK=gawk
ac_cv_prog_ac_ct_CC=gcc
ac_cv_prog_cc_c11=
ac_cv_prog_cc_g=yes
ac_cv_prog_cc_stdc=
ac_cv_prog_make_make_set=yes
ac_cv_search_db_create=-ldb
ac_cv_search_dlopen='none required'
ac_cv_search_pthread_create='none required'
am_cv_CC_dependencies_compiler_type=gcc3
am_cv_filesystem_timestamp_resolution=0.01
am_cv_make_support_nested_variables=yes
am_cv_prog_cc_c_o=yes
am_cv_sleep_fractional_seconds=yes
am_cv_xargs_n_works=yes

## ----------------- ##
## Output variables. ##
## ----------------- ##

ACLOCAL='${SHELL} '\''/home/ags/repos/webServer/build/missing'\'' aclocal-1.17'
AMDEPBACKSLASH='\'
AMDEP_FALSE='#'
AMDEP_TRUE=''
AMTAR='$${TAR-tar}'
AM_BACKSLASH='\'
AM_DEFAULT_V='$(AM_DEFAULT_VERBOSITY)'
AM_DEFAULT_VERBOSITY='1'
AM_V='$(V)'
AUTOCONF='${SHELL} '\''/home/ags/repos/webServer/build/missing'\'' autoconf'
AUTOHEADER='${SHELL} '\''/home/ags/repos/webServer/build/missing'\'' autoheader'
AUTOMAKE='${SHELL} '\''/home/ags/repos/webServer/build/missing'\'' automake-1.17'
AWK='gawk'
CC='gcc'
CCDEPMODE='depmode=gcc3'
CFLAGS='-g -O2'
CPPFLAGS=''
CSCOPE='cscope'
CTAGS='ctags'
CYGPATH_W='echo'
DEFS='-DHAVE_CONFIG_H'
DEPDIR='.deps'
ECHO_C=''
ECHO_N='-n'
ECHO_T=''
ETAGS='etags'
EXEEXT=''
INSTALL_DATA='${INSTALL} -m 644'
INSTALL_PROGRAM='${INSTALL}'
INSTALL_SCRIPT='${INSTALL}'
INSTALL_STRIP_PROGRAM='$(install_sh) -c -s'
LDFLAGS=''
LIBOBJS=''
LIBS='-ldb '
LTLIBOBJS=''
MAKEINFO='${SHELL} '\''/home/ags/repos/webServer/build/missing'\'' makeinfo'
MKDIR_P='/usr/bin/mkdir -p'
OBJEXT='o'
PACKAGE='wserver'
PACKAGE_BUGREPORT='grchere@yahoo.com'
PACKAGE_NAME='wserver'
PACKAGE_STRING='wserver 0.1'
PACKAGE_TARNAME='wserver'
PACKAGE_URL=''
PACKAGE_VERSION='0.1'
PATH_SEPARATOR=':'
SET_MAKE=''
SHELL='/bin/sh'
STRIP=''
VERSION='0.1'
ac_ct_CC='gcc'
am__EXEEXT_FALSE=''
am__EXEEXT_TRUE='#'
am__fastdepCC_FALSE='#'
am__fastdepCC_TRUE=''
am__include='include'
am__isrc=''
am__leading_dot='.'
am__nodep='_no'
am__quote=''
am__rm_f_notfound=''
am__tar='$${TAR-tar} chof - "$$tardir"'
am__untar='$${TAR-tar} xf -'
am__xargs_n='xargs -n'
bindir='${exec_prefix}/bin'
build_alias=''
datadir='${datarootdir}'
datarootdir='${prefix}/share'
docdir='${datarootdir}/doc/${PACKAGE_TARNAME}'
dvidir='${docdir}'
exec_prefix='${prefix}'
host_alias=''
htmldir='${docdir}'
includedir='${prefix}/include'
infodir='${datarootdir}/info'
install_sh='${SHELL} /home/ags/repos/webServer/build/install-sh'
libdir='${exec_prefix}/lib'
libexecdir='${exec_prefix}/libexec'
localedir='${datarootdir}/locale'
localstatedir='${prefix}/var'
mandir='${datarootdir}/man'
mkdir_p='$(MKDIR_P)'
oldincludedir='/usr/include'
pdfdir='${docdir}'
prefix='/usr/local'
program_transform_name='s,x,x,'
psdir='${docdir}'
runstatedir='${localstatedir}/run'
sbindir='${exec_prefix}/sbin'
sharedstatedir='${prefix}/com'
sysconfdir='${prefix}/etc'
target_alias=''

## ----------- ##
## confdefs.h. ##
## ----------- ##

/* confdefs.h */
#define PACKAGE_NAME "wserver"
#define PACKAGE_TARNAME "wserver"
#define PACKAGE_VERSION "0.1"
#define PACKAGE_STRING "wserver 0.1"
#define PACKAGE_BUGREPORT "grchere@yahoo.com"
#define PACKAGE_URL ""
#define PACKAGE "wserver"
#define VERSION "0.1"
#define HAVE_STDIO_H 1
#define HAVE_STDLIB_H 1
#define HAVE_STRING_H 1
#define HAVE_INTTYPES_H 1
#define HAVE_STDINT_H 1
#define HAVE_STRINGS_H 1
#define HAVE_SYS_STAT_H 1
#define HAVE_SYS_TYPES_H 1
#define HAVE_UNISTD_H 1
#define STDC_HEADERS 1
#define HAVE_SYS_WAIT_H 1
#define HAVE_UNISTD_H 1
#define HAVE_SYS_SOCKET_H 1
#define HAVE_SYS_TYPES_H 1
#define HAVE_ARPA_INET_H 1
#define HAVE_SYS_UN_H 1
#define HAVE_DLFCN_H 1
#define HAVE_DB_H 1

configure: exit 0
